2024-09-21T00:00:02.478+09:00  INFO 17640 --- [baemin] [File Watcher] rtingClassPathChangeChangedEventListener : Restarting due to 8 class path changes (0 additions, 0 deletions, 8 modifications)
2024-09-21T00:00:03.217+09:00  INFO 17640 --- [baemin] [Thread-59] j.LocalContainerEntityManagerFactoryBean : Closing JPA EntityManagerFactory for persistence unit 'default'
2024-09-21T00:00:03.218+09:00 TRACE 17640 --- [baemin] [Thread-59] o.h.type.spi.TypeConfiguration$Scope     : Handling #sessionFactoryClosed from [org.hibernate.internal.SessionFactoryImpl@4e22918b] for TypeConfiguration
2024-09-21T00:00:03.218+09:00 DEBUG 17640 --- [baemin] [Thread-59] o.h.type.spi.TypeConfiguration$Scope     : Un-scoping TypeConfiguration [org.hibernate.type.spi.TypeConfiguration$Scope@7892a68] from SessionFactory [org.hibernate.internal.SessionFactoryImpl@4e22918b]
2024-09-21T00:00:03.219+09:00  INFO 17640 --- [baemin] [Thread-59] com.zaxxer.hikari.HikariDataSource       : HikariPool-15 - Shutdown initiated...
2024-09-21T00:00:03.227+09:00  INFO 17640 --- [baemin] [Thread-59] com.zaxxer.hikari.HikariDataSource       : HikariPool-15 - Shutdown completed.
2024-09-21T00:00:03.325+09:00  INFO 17640 --- [baemin] [restartedMain] com.baemin.BaeminApplication             : Starting BaeminApplication using Java 17.0.8.1 with PID 17640 (C:\SpringWorkspace4\baemin\target\classes started by user in C:\SpringWorkspace4\baemin)
2024-09-21T00:00:03.326+09:00  INFO 17640 --- [baemin] [restartedMain] com.baemin.BaeminApplication             : No active profile set, falling back to 1 default profile: "default"
2024-09-21T00:00:03.812+09:00  INFO 17640 --- [baemin] [restartedMain] .s.d.r.c.RepositoryConfigurationDelegate : Bootstrapping Spring Data JPA repositories in DEFAULT mode.
2024-09-21T00:00:04.023+09:00  INFO 17640 --- [baemin] [restartedMain] .s.d.r.c.RepositoryConfigurationDelegate : Finished Spring Data repository scanning in 211 ms. Found 18 JPA repository interfaces.
2024-09-21T00:00:04.149+09:00  INFO 17640 --- [baemin] [restartedMain] o.s.b.w.embedded.tomcat.TomcatWebServer  : Tomcat initialized with port 80 (http)
2024-09-21T00:00:04.150+09:00  INFO 17640 --- [baemin] [restartedMain] o.apache.catalina.core.StandardService   : Starting service [Tomcat]
2024-09-21T00:00:04.150+09:00  INFO 17640 --- [baemin] [restartedMain] o.apache.catalina.core.StandardEngine    : Starting Servlet engine: [Apache Tomcat/10.1.26]
2024-09-21T00:00:04.181+09:00  INFO 17640 --- [baemin] [restartedMain] o.a.c.c.C.[Tomcat].[localhost].[/]       : Initializing Spring embedded WebApplicationContext
2024-09-21T00:00:04.181+09:00  INFO 17640 --- [baemin] [restartedMain] w.s.c.ServletWebServerApplicationContext : Root WebApplicationContext: initialization completed in 853 ms
2024-09-21T00:00:04.250+09:00  INFO 17640 --- [baemin] [restartedMain] o.hibernate.jpa.internal.util.LogHelper  : HHH000204: Processing PersistenceUnitInfo [name: default]
2024-09-21T00:00:04.253+09:00  INFO 17640 --- [baemin] [restartedMain] o.h.c.internal.RegionFactoryInitiator    : HHH000026: Second-level cache disabled
2024-09-21T00:00:04.254+09:00 DEBUG 17640 --- [baemin] [restartedMain] org.hibernate.type.BasicTypeRegistry     : Adding type registration boolean -> org.hibernate.type.BasicTypeReference@a20987a
2024-09-21T00:00:04.254+09:00 DEBUG 17640 --- [baemin] [restartedMain] org.hibernate.type.BasicTypeRegistry     : Adding type registration boolean -> org.hibernate.type.BasicTypeReference@a20987a
2024-09-21T00:00:04.254+09:00 DEBUG 17640 --- [baemin] [restartedMain] org.hibernate.type.BasicTypeRegistry     : Adding type registration java.lang.Boolean -> org.hibernate.type.BasicTypeReference@a20987a
2024-09-21T00:00:04.255+09:00 DEBUG 17640 --- [baemin] [restartedMain] org.hibernate.type.BasicTypeRegistry     : Adding type registration numeric_boolean -> org.hibernate.type.BasicTypeReference@51c8ab42
2024-09-21T00:00:04.255+09:00 DEBUG 17640 --- [baemin] [restartedMain] org.hibernate.type.BasicTypeRegistry     : Adding type registration org.hibernate.type.NumericBooleanConverter -> org.hibernate.type.BasicTypeReference@51c8ab42
2024-09-21T00:00:04.255+09:00 DEBUG 17640 --- [baemin] [restartedMain] org.hibernate.type.BasicTypeRegistry     : Adding type registration true_false -> org.hibernate.type.BasicTypeReference@25b23672
2024-09-21T00:00:04.255+09:00 DEBUG 17640 --- [baemin] [restartedMain] org.hibernate.type.BasicTypeRegistry     : Adding type registration org.hibernate.type.TrueFalseConverter -> org.hibernate.type.BasicTypeReference@25b23672
2024-09-21T00:00:04.255+09:00 DEBUG 17640 --- [baemin] [restartedMain] org.hibernate.type.BasicTypeRegistry     : Adding type registration yes_no -> org.hibernate.type.BasicTypeReference@4ee1d76d
2024-09-21T00:00:04.255+09:00 DEBUG 17640 --- [baemin] [restartedMain] org.hibernate.type.BasicTypeRegistry     : Adding type registration org.hibernate.type.YesNoConverter -> org.hibernate.type.BasicTypeReference@4ee1d76d
2024-09-21T00:00:04.255+09:00 DEBUG 17640 --- [baemin] [restartedMain] org.hibernate.type.BasicTypeRegistry     : Adding type registration byte -> org.hibernate.type.BasicTypeReference@408c7583
2024-09-21T00:00:04.255+09:00 DEBUG 17640 --- [baemin] [restartedMain] org.hibernate.type.BasicTypeRegistry     : Adding type registration byte -> org.hibernate.type.BasicTypeReference@408c7583
2024-09-21T00:00:04.255+09:00 DEBUG 17640 --- [baemin] [restartedMain] org.hibernate.type.BasicTypeRegistry     : Adding type registration java.lang.Byte -> org.hibernate.type.BasicTypeReference@408c7583
2024-09-21T00:00:04.255+09:00 DEBUG 17640 --- [baemin] [restartedMain] org.hibernate.type.BasicTypeRegistry     : Adding type registration binary -> org.hibernate.type.BasicTypeReference@548a446b
2024-09-21T00:00:04.255+09:00 DEBUG 17640 --- [baemin] [restartedMain] org.hibernate.type.BasicTypeRegistry     : Adding type registration byte[] -> org.hibernate.type.BasicTypeReference@548a446b
2024-09-21T00:00:04.255+09:00 DEBUG 17640 --- [baemin] [restartedMain] org.hibernate.type.BasicTypeRegistry     : Adding type registration [B -> org.hibernate.type.BasicTypeReference@548a446b
2024-09-21T00:00:04.255+09:00 DEBUG 17640 --- [baemin] [restartedMain] org.hibernate.type.BasicTypeRegistry     : Adding type registration binary_wrapper -> org.hibernate.type.BasicTypeReference@3a64911
2024-09-21T00:00:04.255+09:00 DEBUG 17640 --- [baemin] [restartedMain] org.hibernate.type.BasicTypeRegistry     : Adding type registration wrapper-binary -> org.hibernate.type.BasicTypeReference@3a64911
2024-09-21T00:00:04.255+09:00 DEBUG 17640 --- [baemin] [restartedMain] org.hibernate.type.BasicTypeRegistry     : Adding type registration image -> org.hibernate.type.BasicTypeReference@509fc12
2024-09-21T00:00:04.255+09:00 DEBUG 17640 --- [baemin] [restartedMain] org.hibernate.type.BasicTypeRegistry     : Adding type registration blob -> org.hibernate.type.BasicTypeReference@1a601304
2024-09-21T00:00:04.255+09:00 DEBUG 17640 --- [baemin] [restartedMain] org.hibernate.type.BasicTypeRegistry     : Adding type registration java.sql.Blob -> org.hibernate.type.BasicTypeReference@1a601304
2024-09-21T00:00:04.255+09:00 DEBUG 17640 --- [baemin] [restartedMain] org.hibernate.type.BasicTypeRegistry     : Adding type registration materialized_blob -> org.hibernate.type.BasicTypeReference@124a7a7b
2024-09-21T00:00:04.255+09:00 DEBUG 17640 --- [baemin] [restartedMain] org.hibernate.type.BasicTypeRegistry     : Adding type registration materialized_blob_wrapper -> org.hibernate.type.BasicTypeReference@239547e2
2024-09-21T00:00:04.255+09:00 DEBUG 17640 --- [baemin] [restartedMain] org.hibernate.type.BasicTypeRegistry     : Adding type registration short -> org.hibernate.type.BasicTypeReference@6936d6ee
2024-09-21T00:00:04.255+09:00 DEBUG 17640 --- [baemin] [restartedMain] org.hibernate.type.BasicTypeRegistry     : Adding type registration short -> org.hibernate.type.BasicTypeReference@6936d6ee
2024-09-21T00:00:04.255+09:00 DEBUG 17640 --- [baemin] [restartedMain] org.hibernate.type.BasicTypeRegistry     : Adding type registration java.lang.Short -> org.hibernate.type.BasicTypeReference@6936d6ee
2024-09-21T00:00:04.255+09:00 DEBUG 17640 --- [baemin] [restartedMain] org.hibernate.type.BasicTypeRegistry     : Adding type registration integer -> org.hibernate.type.BasicTypeReference@73d400ff
2024-09-21T00:00:04.256+09:00 DEBUG 17640 --- [baemin] [restartedMain] org.hibernate.type.BasicTypeRegistry     : Adding type registration int -> org.hibernate.type.BasicTypeReference@73d400ff
2024-09-21T00:00:04.256+09:00 DEBUG 17640 --- [baemin] [restartedMain] org.hibernate.type.BasicTypeRegistry     : Adding type registration java.lang.Integer -> org.hibernate.type.BasicTypeReference@73d400ff
2024-09-21T00:00:04.256+09:00 DEBUG 17640 --- [baemin] [restartedMain] org.hibernate.type.BasicTypeRegistry     : Adding type registration long -> org.hibernate.type.BasicTypeReference@328c255c
2024-09-21T00:00:04.256+09:00 DEBUG 17640 --- [baemin] [restartedMain] org.hibernate.type.BasicTypeRegistry     : Adding type registration long -> org.hibernate.type.BasicTypeReference@328c255c
2024-09-21T00:00:04.256+09:00 DEBUG 17640 --- [baemin] [restartedMain] org.hibernate.type.BasicTypeRegistry     : Adding type registration java.lang.Long -> org.hibernate.type.BasicTypeReference@328c255c
2024-09-21T00:00:04.256+09:00 DEBUG 17640 --- [baemin] [restartedMain] org.hibernate.type.BasicTypeRegistry     : Adding type registration float -> org.hibernate.type.BasicTypeReference@3b2fdeb8
2024-09-21T00:00:04.256+09:00 DEBUG 17640 --- [baemin] [restartedMain] org.hibernate.type.BasicTypeRegistry     : Adding type registration float -> org.hibernate.type.BasicTypeReference@3b2fdeb8
2024-09-21T00:00:04.259+09:00 DEBUG 17640 --- [baemin] [restartedMain] org.hibernate.type.BasicTypeRegistry     : Adding type registration java.lang.Float -> org.hibernate.type.BasicTypeReference@3b2fdeb8
2024-09-21T00:00:04.259+09:00 DEBUG 17640 --- [baemin] [restartedMain] org.hibernate.type.BasicTypeRegistry     : Adding type registration double -> org.hibernate.type.BasicTypeReference@64f1fe95
2024-09-21T00:00:04.259+09:00 DEBUG 17640 --- [baemin] [restartedMain] org.hibernate.type.BasicTypeRegistry     : Adding type registration double -> org.hibernate.type.BasicTypeReference@64f1fe95
2024-09-21T00:00:04.259+09:00 DEBUG 17640 --- [baemin] [restartedMain] org.hibernate.type.BasicTypeRegistry     : Adding type registration java.lang.Double -> org.hibernate.type.BasicTypeReference@64f1fe95
2024-09-21T00:00:04.259+09:00 DEBUG 17640 --- [baemin] [restartedMain] org.hibernate.type.BasicTypeRegistry     : Adding type registration big_integer -> org.hibernate.type.BasicTypeReference@3771d90c
2024-09-21T00:00:04.259+09:00 DEBUG 17640 --- [baemin] [restartedMain] org.hibernate.type.BasicTypeRegistry     : Adding type registration java.math.BigInteger -> org.hibernate.type.BasicTypeReference@3771d90c
2024-09-21T00:00:04.259+09:00 DEBUG 17640 --- [baemin] [restartedMain] org.hibernate.type.BasicTypeRegistry     : Adding type registration big_decimal -> org.hibernate.type.BasicTypeReference@6484bc7b
2024-09-21T00:00:04.259+09:00 DEBUG 17640 --- [baemin] [restartedMain] org.hibernate.type.BasicTypeRegistry     : Adding type registration java.math.BigDecimal -> org.hibernate.type.BasicTypeReference@6484bc7b
2024-09-21T00:00:04.259+09:00 DEBUG 17640 --- [baemin] [restartedMain] org.hibernate.type.BasicTypeRegistry     : Adding type registration character -> org.hibernate.type.BasicTypeReference@211b744d
2024-09-21T00:00:04.259+09:00 DEBUG 17640 --- [baemin] [restartedMain] org.hibernate.type.BasicTypeRegistry     : Adding type registration char -> org.hibernate.type.BasicTypeReference@211b744d
2024-09-21T00:00:04.259+09:00 DEBUG 17640 --- [baemin] [restartedMain] org.hibernate.type.BasicTypeRegistry     : Adding type registration java.lang.Character -> org.hibernate.type.BasicTypeReference@211b744d
2024-09-21T00:00:04.259+09:00 DEBUG 17640 --- [baemin] [restartedMain] org.hibernate.type.BasicTypeRegistry     : Adding type registration character_nchar -> org.hibernate.type.BasicTypeReference@4af523ad
2024-09-21T00:00:04.259+09:00 DEBUG 17640 --- [baemin] [restartedMain] org.hibernate.type.BasicTypeRegistry     : Adding type registration string -> org.hibernate.type.BasicTypeReference@73f53a46
2024-09-21T00:00:04.259+09:00 DEBUG 17640 --- [baemin] [restartedMain] org.hibernate.type.BasicTypeRegistry     : Adding type registration java.lang.String -> org.hibernate.type.BasicTypeReference@73f53a46
2024-09-21T00:00:04.259+09:00 DEBUG 17640 --- [baemin] [restartedMain] org.hibernate.type.BasicTypeRegistry     : Adding type registration nstring -> org.hibernate.type.BasicTypeReference@32d33727
2024-09-21T00:00:04.259+09:00 DEBUG 17640 --- [baemin] [restartedMain] org.hibernate.type.BasicTypeRegistry     : Adding type registration characters -> org.hibernate.type.BasicTypeReference@4890942c
2024-09-21T00:00:04.259+09:00 DEBUG 17640 --- [baemin] [restartedMain] org.hibernate.type.BasicTypeRegistry     : Adding type registration char[] -> org.hibernate.type.BasicTypeReference@4890942c
2024-09-21T00:00:04.259+09:00 DEBUG 17640 --- [baemin] [restartedMain] org.hibernate.type.BasicTypeRegistry     : Adding type registration [C -> org.hibernate.type.BasicTypeReference@4890942c
2024-09-21T00:00:04.259+09:00 DEBUG 17640 --- [baemin] [restartedMain] org.hibernate.type.BasicTypeRegistry     : Adding type registration wrapper-characters -> org.hibernate.type.BasicTypeReference@2b1b2ed8
2024-09-21T00:00:04.259+09:00 DEBUG 17640 --- [baemin] [restartedMain] org.hibernate.type.BasicTypeRegistry     : Adding type registration text -> org.hibernate.type.BasicTypeReference@71e616f7
2024-09-21T00:00:04.259+09:00 DEBUG 17640 --- [baemin] [restartedMain] org.hibernate.type.BasicTypeRegistry     : Adding type registration ntext -> org.hibernate.type.BasicTypeReference@5a277de3
2024-09-21T00:00:04.259+09:00 DEBUG 17640 --- [baemin] [restartedMain] org.hibernate.type.BasicTypeRegistry     : Adding type registration clob -> org.hibernate.type.BasicTypeReference@165aa37f
2024-09-21T00:00:04.259+09:00 DEBUG 17640 --- [baemin] [restartedMain] org.hibernate.type.BasicTypeRegistry     : Adding type registration java.sql.Clob -> org.hibernate.type.BasicTypeReference@165aa37f
2024-09-21T00:00:04.259+09:00 DEBUG 17640 --- [baemin] [restartedMain] org.hibernate.type.BasicTypeRegistry     : Adding type registration nclob -> org.hibernate.type.BasicTypeReference@64453282
2024-09-21T00:00:04.259+09:00 DEBUG 17640 --- [baemin] [restartedMain] org.hibernate.type.BasicTypeRegistry     : Adding type registration java.sql.NClob -> org.hibernate.type.BasicTypeReference@64453282
2024-09-21T00:00:04.259+09:00 DEBUG 17640 --- [baemin] [restartedMain] org.hibernate.type.BasicTypeRegistry     : Adding type registration materialized_clob -> org.hibernate.type.BasicTypeReference@2555d153
2024-09-21T00:00:04.259+09:00 DEBUG 17640 --- [baemin] [restartedMain] org.hibernate.type.BasicTypeRegistry     : Adding type registration materialized_clob_char_array -> org.hibernate.type.BasicTypeReference@447c687f
2024-09-21T00:00:04.259+09:00 DEBUG 17640 --- [baemin] [restartedMain] org.hibernate.type.BasicTypeRegistry     : Adding type registration materialized_clob_character_array -> org.hibernate.type.BasicTypeReference@77e7ad4
2024-09-21T00:00:04.259+09:00 DEBUG 17640 --- [baemin] [restartedMain] org.hibernate.type.BasicTypeRegistry     : Adding type registration materialized_nclob -> org.hibernate.type.BasicTypeReference@4a62899b
2024-09-21T00:00:04.259+09:00 DEBUG 17640 --- [baemin] [restartedMain] org.hibernate.type.BasicTypeRegistry     : Adding type registration materialized_nclob_character_array -> org.hibernate.type.BasicTypeReference@41b606cd
2024-09-21T00:00:04.260+09:00 DEBUG 17640 --- [baemin] [restartedMain] org.hibernate.type.BasicTypeRegistry     : Adding type registration materialized_nclob_char_array -> org.hibernate.type.BasicTypeReference@662eb114
2024-09-21T00:00:04.260+09:00 DEBUG 17640 --- [baemin] [restartedMain] org.hibernate.type.BasicTypeRegistry     : Adding type registration Duration -> org.hibernate.type.BasicTypeReference@1272cfdf
2024-09-21T00:00:04.260+09:00 DEBUG 17640 --- [baemin] [restartedMain] org.hibernate.type.BasicTypeRegistry     : Adding type registration java.time.Duration -> org.hibernate.type.BasicTypeReference@1272cfdf
2024-09-21T00:00:04.260+09:00 DEBUG 17640 --- [baemin] [restartedMain] org.hibernate.type.BasicTypeRegistry     : Adding type registration LocalDateTime -> org.hibernate.type.BasicTypeReference@4c82a25b
2024-09-21T00:00:04.260+09:00 DEBUG 17640 --- [baemin] [restartedMain] org.hibernate.type.BasicTypeRegistry     : Adding type registration java.time.LocalDateTime -> org.hibernate.type.BasicTypeReference@4c82a25b
2024-09-21T00:00:04.260+09:00 DEBUG 17640 --- [baemin] [restartedMain] org.hibernate.type.BasicTypeRegistry     : Adding type registration LocalDate -> org.hibernate.type.BasicTypeReference@3d734568
2024-09-21T00:00:04.260+09:00 DEBUG 17640 --- [baemin] [restartedMain] org.hibernate.type.BasicTypeRegistry     : Adding type registration java.time.LocalDate -> org.hibernate.type.BasicTypeReference@3d734568
2024-09-21T00:00:04.260+09:00 DEBUG 17640 --- [baemin] [restartedMain] org.hibernate.type.BasicTypeRegistry     : Adding type registration LocalTime -> org.hibernate.type.BasicTypeReference@2ec6f5c3
2024-09-21T00:00:04.260+09:00 DEBUG 17640 --- [baemin] [restartedMain] org.hibernate.type.BasicTypeRegistry     : Adding type registration java.time.LocalTime -> org.hibernate.type.BasicTypeReference@2ec6f5c3
2024-09-21T00:00:04.260+09:00 DEBUG 17640 --- [baemin] [restartedMain] org.hibernate.type.BasicTypeRegistry     : Adding type registration OffsetDateTime -> org.hibernate.type.BasicTypeReference@2acecbf3
2024-09-21T00:00:04.260+09:00 DEBUG 17640 --- [baemin] [restartedMain] org.hibernate.type.BasicTypeRegistry     : Adding type registration java.time.OffsetDateTime -> org.hibernate.type.BasicTypeReference@2acecbf3
2024-09-21T00:00:04.260+09:00 DEBUG 17640 --- [baemin] [restartedMain] org.hibernate.type.BasicTypeRegistry     : Adding type registration OffsetDateTimeWithTimezone -> org.hibernate.type.BasicTypeReference@7307248b
2024-09-21T00:00:04.260+09:00 DEBUG 17640 --- [baemin] [restartedMain] org.hibernate.type.BasicTypeRegistry     : Adding type registration OffsetDateTimeWithoutTimezone -> org.hibernate.type.BasicTypeReference@54f87786
2024-09-21T00:00:04.260+09:00 DEBUG 17640 --- [baemin] [restartedMain] org.hibernate.type.BasicTypeRegistry     : Adding type registration OffsetTime -> org.hibernate.type.BasicTypeReference@4d89e837
2024-09-21T00:00:04.260+09:00 DEBUG 17640 --- [baemin] [restartedMain] org.hibernate.type.BasicTypeRegistry     : Adding type registration java.time.OffsetTime -> org.hibernate.type.BasicTypeReference@4d89e837
2024-09-21T00:00:04.260+09:00 DEBUG 17640 --- [baemin] [restartedMain] org.hibernate.type.BasicTypeRegistry     : Adding type registration OffsetTimeUtc -> org.hibernate.type.BasicTypeReference@11443326
2024-09-21T00:00:04.260+09:00 DEBUG 17640 --- [baemin] [restartedMain] org.hibernate.type.BasicTypeRegistry     : Adding type registration OffsetTimeWithTimezone -> org.hibernate.type.BasicTypeReference@5b2d7ef9
2024-09-21T00:00:04.260+09:00 DEBUG 17640 --- [baemin] [restartedMain] org.hibernate.type.BasicTypeRegistry     : Adding type registration OffsetTimeWithoutTimezone -> org.hibernate.type.BasicTypeReference@4c7e665d
2024-09-21T00:00:04.260+09:00 DEBUG 17640 --- [baemin] [restartedMain] org.hibernate.type.BasicTypeRegistry     : Adding type registration ZonedDateTime -> org.hibernate.type.BasicTypeReference@4e34e7b5
2024-09-21T00:00:04.260+09:00 DEBUG 17640 --- [baemin] [restartedMain] org.hibernate.type.BasicTypeRegistry     : Adding type registration java.time.ZonedDateTime -> org.hibernate.type.BasicTypeReference@4e34e7b5
2024-09-21T00:00:04.260+09:00 DEBUG 17640 --- [baemin] [restartedMain] org.hibernate.type.BasicTypeRegistry     : Adding type registration ZonedDateTimeWithTimezone -> org.hibernate.type.BasicTypeReference@7e593056
2024-09-21T00:00:04.260+09:00 DEBUG 17640 --- [baemin] [restartedMain] org.hibernate.type.BasicTypeRegistry     : Adding type registration ZonedDateTimeWithoutTimezone -> org.hibernate.type.BasicTypeReference@4e3343d2
2024-09-21T00:00:04.260+09:00 DEBUG 17640 --- [baemin] [restartedMain] org.hibernate.type.BasicTypeRegistry     : Adding type registration date -> org.hibernate.type.BasicTypeReference@714088c7
2024-09-21T00:00:04.260+09:00 DEBUG 17640 --- [baemin] [restartedMain] org.hibernate.type.BasicTypeRegistry     : Adding type registration java.sql.Date -> org.hibernate.type.BasicTypeReference@714088c7
2024-09-21T00:00:04.260+09:00 DEBUG 17640 --- [baemin] [restartedMain] org.hibernate.type.BasicTypeRegistry     : Adding type registration time -> org.hibernate.type.BasicTypeReference@18a0c015
2024-09-21T00:00:04.260+09:00 DEBUG 17640 --- [baemin] [restartedMain] org.hibernate.type.BasicTypeRegistry     : Adding type registration java.sql.Time -> org.hibernate.type.BasicTypeReference@18a0c015
2024-09-21T00:00:04.260+09:00 DEBUG 17640 --- [baemin] [restartedMain] org.hibernate.type.BasicTypeRegistry     : Adding type registration timestamp -> org.hibernate.type.BasicTypeReference@2f4c88d7
2024-09-21T00:00:04.260+09:00 DEBUG 17640 --- [baemin] [restartedMain] org.hibernate.type.BasicTypeRegistry     : Adding type registration java.sql.Timestamp -> org.hibernate.type.BasicTypeReference@2f4c88d7
2024-09-21T00:00:04.260+09:00 DEBUG 17640 --- [baemin] [restartedMain] org.hibernate.type.BasicTypeRegistry     : Adding type registration java.util.Date -> org.hibernate.type.BasicTypeReference@2f4c88d7
2024-09-21T00:00:04.260+09:00 DEBUG 17640 --- [baemin] [restartedMain] org.hibernate.type.BasicTypeRegistry     : Adding type registration calendar -> org.hibernate.type.BasicTypeReference@7bb5633f
2024-09-21T00:00:04.260+09:00 DEBUG 17640 --- [baemin] [restartedMain] org.hibernate.type.BasicTypeRegistry     : Adding type registration java.util.Calendar -> org.hibernate.type.BasicTypeReference@7bb5633f
2024-09-21T00:00:04.260+09:00 DEBUG 17640 --- [baemin] [restartedMain] org.hibernate.type.BasicTypeRegistry     : Adding type registration java.util.GregorianCalendar -> org.hibernate.type.BasicTypeReference@7bb5633f
2024-09-21T00:00:04.260+09:00 DEBUG 17640 --- [baemin] [restartedMain] org.hibernate.type.BasicTypeRegistry     : Adding type registration calendar_date -> org.hibernate.type.BasicTypeReference@ec6da3e
2024-09-21T00:00:04.260+09:00 DEBUG 17640 --- [baemin] [restartedMain] org.hibernate.type.BasicTypeRegistry     : Adding type registration calendar_time -> org.hibernate.type.BasicTypeReference@10f8139b
2024-09-21T00:00:04.260+09:00 DEBUG 17640 --- [baemin] [restartedMain] org.hibernate.type.BasicTypeRegistry     : Adding type registration instant -> org.hibernate.type.BasicTypeReference@5b393b63
2024-09-21T00:00:04.260+09:00 DEBUG 17640 --- [baemin] [restartedMain] org.hibernate.type.BasicTypeRegistry     : Adding type registration java.time.Instant -> org.hibernate.type.BasicTypeReference@5b393b63
2024-09-21T00:00:04.260+09:00 DEBUG 17640 --- [baemin] [restartedMain] org.hibernate.type.BasicTypeRegistry     : Adding type registration uuid -> org.hibernate.type.BasicTypeReference@b4507a0
2024-09-21T00:00:04.260+09:00 DEBUG 17640 --- [baemin] [restartedMain] org.hibernate.type.BasicTypeRegistry     : Adding type registration java.util.UUID -> org.hibernate.type.BasicTypeReference@b4507a0
2024-09-21T00:00:04.260+09:00 DEBUG 17640 --- [baemin] [restartedMain] org.hibernate.type.BasicTypeRegistry     : Adding type registration pg-uuid -> org.hibernate.type.BasicTypeReference@b4507a0
2024-09-21T00:00:04.260+09:00 DEBUG 17640 --- [baemin] [restartedMain] org.hibernate.type.BasicTypeRegistry     : Adding type registration uuid-binary -> org.hibernate.type.BasicTypeReference@336a2bdc
2024-09-21T00:00:04.260+09:00 DEBUG 17640 --- [baemin] [restartedMain] org.hibernate.type.BasicTypeRegistry     : Adding type registration uuid-char -> org.hibernate.type.BasicTypeReference@635e92e1
2024-09-21T00:00:04.260+09:00 DEBUG 17640 --- [baemin] [restartedMain] org.hibernate.type.BasicTypeRegistry     : Adding type registration class -> org.hibernate.type.BasicTypeReference@712e4fca
2024-09-21T00:00:04.261+09:00 DEBUG 17640 --- [baemin] [restartedMain] org.hibernate.type.BasicTypeRegistry     : Adding type registration java.lang.Class -> org.hibernate.type.BasicTypeReference@712e4fca
2024-09-21T00:00:04.261+09:00 DEBUG 17640 --- [baemin] [restartedMain] org.hibernate.type.BasicTypeRegistry     : Adding type registration currency -> org.hibernate.type.BasicTypeReference@52f53e48
2024-09-21T00:00:04.261+09:00 DEBUG 17640 --- [baemin] [restartedMain] org.hibernate.type.BasicTypeRegistry     : Adding type registration Currency -> org.hibernate.type.BasicTypeReference@52f53e48
2024-09-21T00:00:04.261+09:00 DEBUG 17640 --- [baemin] [restartedMain] org.hibernate.type.BasicTypeRegistry     : Adding type registration java.util.Currency -> org.hibernate.type.BasicTypeReference@52f53e48
2024-09-21T00:00:04.261+09:00 DEBUG 17640 --- [baemin] [restartedMain] org.hibernate.type.BasicTypeRegistry     : Adding type registration locale -> org.hibernate.type.BasicTypeReference@3023db01
2024-09-21T00:00:04.261+09:00 DEBUG 17640 --- [baemin] [restartedMain] org.hibernate.type.BasicTypeRegistry     : Adding type registration java.util.Locale -> org.hibernate.type.BasicTypeReference@3023db01
2024-09-21T00:00:04.261+09:00 DEBUG 17640 --- [baemin] [restartedMain] org.hibernate.type.BasicTypeRegistry     : Adding type registration serializable -> org.hibernate.type.BasicTypeReference@27fd8e7e
2024-09-21T00:00:04.261+09:00 DEBUG 17640 --- [baemin] [restartedMain] org.hibernate.type.BasicTypeRegistry     : Adding type registration java.io.Serializable -> org.hibernate.type.BasicTypeReference@27fd8e7e
2024-09-21T00:00:04.261+09:00 DEBUG 17640 --- [baemin] [restartedMain] org.hibernate.type.BasicTypeRegistry     : Adding type registration timezone -> org.hibernate.type.BasicTypeReference@24aec554
2024-09-21T00:00:04.261+09:00 DEBUG 17640 --- [baemin] [restartedMain] org.hibernate.type.BasicTypeRegistry     : Adding type registration java.util.TimeZone -> org.hibernate.type.BasicTypeReference@24aec554
2024-09-21T00:00:04.261+09:00 DEBUG 17640 --- [baemin] [restartedMain] org.hibernate.type.BasicTypeRegistry     : Adding type registration ZoneOffset -> org.hibernate.type.BasicTypeReference@5fd2b8f7
2024-09-21T00:00:04.261+09:00 DEBUG 17640 --- [baemin] [restartedMain] org.hibernate.type.BasicTypeRegistry     : Adding type registration java.time.ZoneOffset -> org.hibernate.type.BasicTypeReference@5fd2b8f7
2024-09-21T00:00:04.261+09:00 DEBUG 17640 --- [baemin] [restartedMain] org.hibernate.type.BasicTypeRegistry     : Adding type registration url -> org.hibernate.type.BasicTypeReference@71079bdf
2024-09-21T00:00:04.261+09:00 DEBUG 17640 --- [baemin] [restartedMain] org.hibernate.type.BasicTypeRegistry     : Adding type registration java.net.URL -> org.hibernate.type.BasicTypeReference@71079bdf
2024-09-21T00:00:04.261+09:00 DEBUG 17640 --- [baemin] [restartedMain] org.hibernate.type.BasicTypeRegistry     : Adding type registration vector -> org.hibernate.type.BasicTypeReference@3a4265ff
2024-09-21T00:00:04.261+09:00 DEBUG 17640 --- [baemin] [restartedMain] org.hibernate.type.BasicTypeRegistry     : Adding type registration row_version -> org.hibernate.type.BasicTypeReference@68949386
2024-09-21T00:00:04.261+09:00 DEBUG 17640 --- [baemin] [restartedMain] org.hibernate.type.BasicTypeRegistry     : Adding type registration object -> org.hibernate.type.JavaObjectType@566f15cd
2024-09-21T00:00:04.261+09:00 DEBUG 17640 --- [baemin] [restartedMain] org.hibernate.type.BasicTypeRegistry     : Adding type registration java.lang.Object -> org.hibernate.type.JavaObjectType@566f15cd
2024-09-21T00:00:04.261+09:00 DEBUG 17640 --- [baemin] [restartedMain] org.hibernate.type.BasicTypeRegistry     : Adding type registration null -> org.hibernate.type.NullType@33cd5da7
2024-09-21T00:00:04.261+09:00 DEBUG 17640 --- [baemin] [restartedMain] org.hibernate.type.BasicTypeRegistry     : Adding type registration imm_date -> org.hibernate.type.BasicTypeReference@6e05a81
2024-09-21T00:00:04.261+09:00 DEBUG 17640 --- [baemin] [restartedMain] org.hibernate.type.BasicTypeRegistry     : Adding type registration imm_time -> org.hibernate.type.BasicTypeReference@6359df73
2024-09-21T00:00:04.261+09:00 DEBUG 17640 --- [baemin] [restartedMain] org.hibernate.type.BasicTypeRegistry     : Adding type registration imm_timestamp -> org.hibernate.type.BasicTypeReference@3b8b0dfe
2024-09-21T00:00:04.261+09:00 DEBUG 17640 --- [baemin] [restartedMain] org.hibernate.type.BasicTypeRegistry     : Adding type registration imm_calendar -> org.hibernate.type.BasicTypeReference@8392c6
2024-09-21T00:00:04.261+09:00 DEBUG 17640 --- [baemin] [restartedMain] org.hibernate.type.BasicTypeRegistry     : Adding type registration imm_calendar_date -> org.hibernate.type.BasicTypeReference@4b3f405
2024-09-21T00:00:04.261+09:00 DEBUG 17640 --- [baemin] [restartedMain] org.hibernate.type.BasicTypeRegistry     : Adding type registration imm_calendar_time -> org.hibernate.type.BasicTypeReference@29bc11a7
2024-09-21T00:00:04.261+09:00 DEBUG 17640 --- [baemin] [restartedMain] org.hibernate.type.BasicTypeRegistry     : Adding type registration imm_binary -> org.hibernate.type.BasicTypeReference@4a3b1d93
2024-09-21T00:00:04.261+09:00 DEBUG 17640 --- [baemin] [restartedMain] org.hibernate.type.BasicTypeRegistry     : Adding type registration imm_serializable -> org.hibernate.type.BasicTypeReference@5632b3b0
2024-09-21T00:00:04.267+09:00  INFO 17640 --- [baemin] [restartedMain] o.s.o.j.p.SpringPersistenceUnitInfo      : No LoadTimeWeaver setup: ignoring JPA class transformer
2024-09-21T00:00:04.268+09:00  INFO 17640 --- [baemin] [restartedMain] com.zaxxer.hikari.HikariDataSource       : HikariPool-16 - Starting...
2024-09-21T00:00:04.279+09:00  INFO 17640 --- [baemin] [restartedMain] com.zaxxer.hikari.pool.HikariPool        : HikariPool-16 - Added connection com.mysql.cj.jdbc.ConnectionImpl@25370cc5
2024-09-21T00:00:04.279+09:00  INFO 17640 --- [baemin] [restartedMain] com.zaxxer.hikari.HikariDataSource       : HikariPool-16 - Start completed.
2024-09-21T00:00:04.280+09:00  WARN 17640 --- [baemin] [restartedMain] org.hibernate.orm.deprecation            : HHH90000025: MySQL8Dialect does not need to be specified explicitly using 'hibernate.dialect' (remove the property setting and it will be selected by default)
2024-09-21T00:00:04.280+09:00  WARN 17640 --- [baemin] [restartedMain] org.hibernate.orm.deprecation            : HHH90000026: MySQL8Dialect has been deprecated; use org.hibernate.dialect.MySQLDialect instead
2024-09-21T00:00:04.280+09:00 DEBUG 17640 --- [baemin] [restartedMain] o.h.t.d.sql.spi.DdlTypeRegistry          : addDescriptor(12, org.hibernate.type.descriptor.sql.internal.CapacityDependentDdlType@75bf7435) replaced previous registration(org.hibernate.type.descriptor.sql.internal.CapacityDependentDdlType@68f30f63)
2024-09-21T00:00:04.280+09:00 DEBUG 17640 --- [baemin] [restartedMain] o.h.t.d.sql.spi.DdlTypeRegistry          : addDescriptor(-9, org.hibernate.type.descriptor.sql.internal.CapacityDependentDdlType@66a5799f) replaced previous registration(org.hibernate.type.descriptor.sql.internal.CapacityDependentDdlType@492e9c7d)
2024-09-21T00:00:04.280+09:00 DEBUG 17640 --- [baemin] [restartedMain] o.h.t.d.sql.spi.DdlTypeRegistry          : addDescriptor(-3, org.hibernate.type.descriptor.sql.internal.CapacityDependentDdlType@47be57b1) replaced previous registration(org.hibernate.type.descriptor.sql.internal.CapacityDependentDdlType@37c6d032)
2024-09-21T00:00:04.280+09:00 DEBUG 17640 --- [baemin] [restartedMain] o.h.t.d.sql.spi.DdlTypeRegistry          : addDescriptor(4003, org.hibernate.type.descriptor.sql.internal.DdlTypeImpl@7ae23ed4) replaced previous registration(org.hibernate.type.descriptor.sql.internal.DdlTypeImpl@47128881)
2024-09-21T00:00:04.280+09:00 DEBUG 17640 --- [baemin] [restartedMain] o.h.t.d.sql.spi.DdlTypeRegistry          : addDescriptor(4001, org.hibernate.type.descriptor.sql.internal.DdlTypeImpl@72245c0d) replaced previous registration(org.hibernate.type.descriptor.sql.internal.DdlTypeImpl@7362553b)
2024-09-21T00:00:04.280+09:00 DEBUG 17640 --- [baemin] [restartedMain] o.h.t.d.sql.spi.DdlTypeRegistry          : addDescriptor(4002, org.hibernate.type.descriptor.sql.internal.DdlTypeImpl@181dd11d) replaced previous registration(org.hibernate.type.descriptor.sql.internal.DdlTypeImpl@4b98041f)
2024-09-21T00:00:04.281+09:00 DEBUG 17640 --- [baemin] [restartedMain] o.h.t.d.sql.spi.DdlTypeRegistry          : addDescriptor(2004, org.hibernate.type.descriptor.sql.internal.CapacityDependentDdlType@1b0ced55) replaced previous registration(org.hibernate.type.descriptor.sql.internal.DdlTypeImpl@7aa6b882)
2024-09-21T00:00:04.281+09:00 DEBUG 17640 --- [baemin] [restartedMain] o.h.t.d.sql.spi.DdlTypeRegistry          : addDescriptor(2005, org.hibernate.type.descriptor.sql.internal.CapacityDependentDdlType@cc50bf2) replaced previous registration(org.hibernate.type.descriptor.sql.internal.DdlTypeImpl@7764e89)
2024-09-21T00:00:04.281+09:00 DEBUG 17640 --- [baemin] [restartedMain] o.h.t.d.sql.spi.DdlTypeRegistry          : addDescriptor(2011, org.hibernate.type.descriptor.sql.internal.CapacityDependentDdlType@7bec6d77) replaced previous registration(org.hibernate.type.descriptor.sql.internal.DdlTypeImpl@3441b820)
2024-09-21T00:00:04.281+09:00 DEBUG 17640 --- [baemin] [restartedMain] o.h.t.d.jdbc.spi.JdbcTypeRegistry        : addDescriptor(NCharTypeDescriptor) replaced previous registration(CharTypeDescriptor)
2024-09-21T00:00:04.281+09:00 DEBUG 17640 --- [baemin] [restartedMain] o.h.t.d.jdbc.spi.JdbcTypeRegistry        : addDescriptor(NVarcharTypeDescriptor) replaced previous registration(VarcharTypeDescriptor)
2024-09-21T00:00:04.281+09:00 DEBUG 17640 --- [baemin] [restartedMain] o.h.t.d.jdbc.spi.JdbcTypeRegistry        : addDescriptor(LongNVarcharTypeDescriptor) replaced previous registration(LongVarcharTypeDescriptor)
2024-09-21T00:00:04.281+09:00 DEBUG 17640 --- [baemin] [restartedMain] o.h.t.d.jdbc.spi.JdbcTypeRegistry        : addDescriptor(NClobTypeDescriptor(DEFAULT)) replaced previous registration(ClobTypeDescriptor(DEFAULT))
2024-09-21T00:00:04.281+09:00 DEBUG 17640 --- [baemin] [restartedMain] o.h.t.d.jdbc.spi.JdbcTypeRegistry        : addDescriptor(2005, ClobTypeDescriptor(STREAM_BINDING)) replaced previous registration(ClobTypeDescriptor(DEFAULT))
2024-09-21T00:00:04.281+09:00 DEBUG 17640 --- [baemin] [restartedMain] org.hibernate.type.BasicTypeRegistry     : Adding type registration null -> org.hibernate.type.NullType@10ffbfc1
2024-09-21T00:00:04.281+09:00 DEBUG 17640 --- [baemin] [restartedMain] org.hibernate.type.BasicTypeRegistry     : Type registration key [null] overrode previous entry : `org.hibernate.type.NullType@33cd5da7`
2024-09-21T00:00:04.281+09:00 DEBUG 17640 --- [baemin] [restartedMain] org.hibernate.type.BasicTypeRegistry     : Adding type registration org.hibernate.type.DurationType -> basicType@286(java.time.Duration,3015)
2024-09-21T00:00:04.281+09:00 DEBUG 17640 --- [baemin] [restartedMain] org.hibernate.type.BasicTypeRegistry     : Adding type registration Duration -> basicType@286(java.time.Duration,3015)
2024-09-21T00:00:04.281+09:00 DEBUG 17640 --- [baemin] [restartedMain] org.hibernate.type.BasicTypeRegistry     : Adding type registration java.time.Duration -> basicType@286(java.time.Duration,3015)
2024-09-21T00:00:04.281+09:00 DEBUG 17640 --- [baemin] [restartedMain] org.hibernate.type.BasicTypeRegistry     : Adding type registration org.hibernate.type.OffsetDateTimeType -> basicType@287(java.time.OffsetDateTime,3003)
2024-09-21T00:00:04.281+09:00 DEBUG 17640 --- [baemin] [restartedMain] org.hibernate.type.BasicTypeRegistry     : Adding type registration OffsetDateTime -> basicType@287(java.time.OffsetDateTime,3003)
2024-09-21T00:00:04.281+09:00 DEBUG 17640 --- [baemin] [restartedMain] org.hibernate.type.BasicTypeRegistry     : Adding type registration java.time.OffsetDateTime -> basicType@287(java.time.OffsetDateTime,3003)
2024-09-21T00:00:04.281+09:00 DEBUG 17640 --- [baemin] [restartedMain] org.hibernate.type.BasicTypeRegistry     : Adding type registration org.hibernate.type.ZonedDateTimeType -> basicType@288(java.time.ZonedDateTime,3003)
2024-09-21T00:00:04.281+09:00 DEBUG 17640 --- [baemin] [restartedMain] org.hibernate.type.BasicTypeRegistry     : Adding type registration ZonedDateTime -> basicType@288(java.time.ZonedDateTime,3003)
2024-09-21T00:00:04.281+09:00 DEBUG 17640 --- [baemin] [restartedMain] org.hibernate.type.BasicTypeRegistry     : Adding type registration java.time.ZonedDateTime -> basicType@288(java.time.ZonedDateTime,3003)
2024-09-21T00:00:04.281+09:00 DEBUG 17640 --- [baemin] [restartedMain] org.hibernate.type.BasicTypeRegistry     : Adding type registration org.hibernate.type.OffsetTimeType -> basicType@289(java.time.OffsetTime,3007)
2024-09-21T00:00:04.281+09:00 DEBUG 17640 --- [baemin] [restartedMain] org.hibernate.type.BasicTypeRegistry     : Adding type registration OffsetTime -> basicType@289(java.time.OffsetTime,3007)
2024-09-21T00:00:04.281+09:00 DEBUG 17640 --- [baemin] [restartedMain] org.hibernate.type.BasicTypeRegistry     : Adding type registration java.time.OffsetTime -> basicType@289(java.time.OffsetTime,3007)
2024-09-21T00:00:04.281+09:00 DEBUG 17640 --- [baemin] [restartedMain] o.h.type.spi.TypeConfiguration$Scope     : Scoping TypeConfiguration [org.hibernate.type.spi.TypeConfiguration@2548b951] to MetadataBuildingContext [org.hibernate.boot.internal.MetadataBuildingContextRootImpl@3d57ff5a]
2024-09-21T00:00:04.443+09:00  INFO 17640 --- [baemin] [restartedMain] o.h.e.t.j.p.i.JtaPlatformInitiator       : HHH000489: No JTA platform available (set 'hibernate.transaction.jta.platform' to enable JTA platform integration)
2024-09-21T00:00:04.443+09:00 DEBUG 17640 --- [baemin] [restartedMain] o.h.type.spi.TypeConfiguration$Scope     : Scoping TypeConfiguration [org.hibernate.type.spi.TypeConfiguration@2548b951] to SessionFactoryImplementor [org.hibernate.internal.SessionFactoryImpl@7f6f5f69]
2024-09-21T00:00:04.443+09:00 TRACE 17640 --- [baemin] [restartedMain] o.h.type.spi.TypeConfiguration$Scope     : Handling #sessionFactoryCreated from [org.hibernate.internal.SessionFactoryImpl@7f6f5f69] for TypeConfiguration
2024-09-21T00:00:04.443+09:00  INFO 17640 --- [baemin] [restartedMain] j.LocalContainerEntityManagerFactoryBean : Initialized JPA EntityManagerFactory for persistence unit 'default'
2024-09-21T00:00:04.478+09:00 DEBUG 17640 --- [baemin] [restartedMain] o.h.stat.internal.StatisticsInitiator    : Statistics initialized [enabled=false]
2024-09-21T00:00:04.598+09:00  WARN 17640 --- [baemin] [restartedMain] JpaBaseConfiguration$JpaWebConfiguration : spring.jpa.open-in-view is enabled by default. Therefore, database queries may be performed during view rendering. Explicitly configure spring.jpa.open-in-view to disable this warning
2024-09-21T00:00:04.719+09:00  INFO 17640 --- [baemin] [restartedMain] o.s.s.web.DefaultSecurityFilterChain     : Will secure any request with [org.springframework.security.web.session.DisableEncodeUrlFilter@1f2dc4e3, org.springframework.security.web.context.request.async.WebAsyncManagerIntegrationFilter@fd50459, org.springframework.security.web.context.SecurityContextHolderFilter@7d8ac96d, org.springframework.security.web.header.HeaderWriterFilter@6374259c, org.springframework.web.filter.CorsFilter@7dbfac42, org.springframework.security.web.authentication.logout.LogoutFilter@d03801, org.springframework.security.web.authentication.UsernamePasswordAuthenticationFilter@1e3cf715, org.springframework.security.web.savedrequest.RequestCacheAwareFilter@7feee0a7, org.springframework.security.web.servletapi.SecurityContextHolderAwareRequestFilter@69a0ddc7, org.springframework.security.web.authentication.AnonymousAuthenticationFilter@44268bf, org.springframework.security.web.access.ExceptionTranslationFilter@68cfd2f7, org.springframework.security.web.access.intercept.AuthorizationFilter@6712a140]
2024-09-21T00:00:04.898+09:00  INFO 17640 --- [baemin] [restartedMain] o.s.b.d.a.OptionalLiveReloadServer       : LiveReload server is running on port 35729
2024-09-21T00:00:04.918+09:00  INFO 17640 --- [baemin] [restartedMain] o.s.b.w.embedded.tomcat.TomcatWebServer  : Tomcat started on port 80 (http) with context path ''
2024-09-21T00:00:04.925+09:00  INFO 17640 --- [baemin] [restartedMain] com.baemin.BaeminApplication             : Started BaeminApplication in 1.632 seconds (process running for 10635.926)
2024-09-21T00:00:04.926+09:00  INFO 17640 --- [baemin] [restartedMain] .ConditionEvaluationDeltaLoggingListener : Condition evaluation unchanged
2024-09-21T00:06:39.251+09:00  INFO 17640 --- [baemin] [File Watcher] rtingClassPathChangeChangedEventListener : Restarting due to 1 class path change (0 additions, 0 deletions, 1 modification)
2024-09-21T00:06:39.977+09:00  INFO 17640 --- [baemin] [Thread-63] j.LocalContainerEntityManagerFactoryBean : Closing JPA EntityManagerFactory for persistence unit 'default'
2024-09-21T00:06:39.979+09:00 TRACE 17640 --- [baemin] [Thread-63] o.h.type.spi.TypeConfiguration$Scope     : Handling #sessionFactoryClosed from [org.hibernate.internal.SessionFactoryImpl@7f6f5f69] for TypeConfiguration
2024-09-21T00:06:39.979+09:00 DEBUG 17640 --- [baemin] [Thread-63] o.h.type.spi.TypeConfiguration$Scope     : Un-scoping TypeConfiguration [org.hibernate.type.spi.TypeConfiguration$Scope@5609cff] from SessionFactory [org.hibernate.internal.SessionFactoryImpl@7f6f5f69]
2024-09-21T00:06:39.980+09:00  INFO 17640 --- [baemin] [Thread-63] com.zaxxer.hikari.HikariDataSource       : HikariPool-16 - Shutdown initiated...
2024-09-21T00:06:39.988+09:00  INFO 17640 --- [baemin] [Thread-63] com.zaxxer.hikari.HikariDataSource       : HikariPool-16 - Shutdown completed.
